<?xml version="1.0" encoding="UTF-8"?>
<!-- Generated by org.testng.reporters.JUnitReportReporter -->
<testsuite hostname="LAPTOP-LQFADPGI" failures="0" tests="1" name="script.DemoTest" time="4.000" errors="0" timestamp="2023-11-06T14:57:11 SGT" skipped="0">
  <testcase classname="script.DemoTest" name="testDemo" time="4.000">
    <system-out>
      <![CDATA[Rowcount:1
Data:Akshara
test demo...]]>
    </system-out>
  </testcase> <!-- testDemo -->
  <system-out>
    <![CDATA[Execute in Grid:no
Browser is:chrome
Set ITO:7
Enter the URL:http://www.google.com
Maximize the browser
Set ETO:6
Rowcount:1
Data:Akshara
test demo...
Close the browser]]>
  </system-out>
</testsuite> <!-- script.DemoTest -->
